This file contains any messages produced by compilers while
running configure, to aid debugging if configure makes a mistake.

It was created by irssi configure 0.8.16, which was
generated by GNU Autoconf 2.69.  Invocation command line was

  $ ./configure 

## --------- ##
## Platform. ##
## --------- ##

hostname = xia-ubuntu
uname -m = x86_64
uname -r = 3.2.0-39-generic
uname -s = Linux
uname -v = #62-Ubuntu SMP Thu Feb 28 00:28:53 UTC 2013

/usr/bin/uname -p = unknown
/bin/uname -X     = unknown

/bin/arch              = unknown
/usr/bin/arch -k       = unknown
/usr/convex/getsysinfo = unknown
/usr/bin/hostinfo      = unknown
/bin/machine           = unknown
/usr/bin/oslevel       = unknown
/bin/universe          = unknown

PATH: /usr/local/sbin
PATH: /usr/local/bin
PATH: /usr/sbin
PATH: /usr/bin
PATH: /sbin
PATH: /bin
PATH: /usr/games
PATH: /home/xia-user/bin
PATH: /usr/local/bin
PATH: /usr/local/git/bin
PATH: /home/xia-user/bin
PATH: /usr/local/bin
PATH: /usr/local/git/bin


## ----------- ##
## Core tests. ##
## ----------- ##

configure:2539: checking for a BSD-compatible install
configure:2607: result: /usr/bin/install -c
configure:2618: checking whether build environment is sane
configure:2673: result: yes
configure:2824: checking for a thread-safe mkdir -p
configure:2863: result: /bin/mkdir -p
configure:2870: checking for gawk
configure:2900: result: no
configure:2870: checking for mawk
configure:2886: found /usr/bin/mawk
configure:2897: result: mawk
configure:2908: checking whether make sets $(MAKE)
configure:2930: result: yes
configure:2959: checking whether make supports nested variables
configure:2976: result: yes
configure:3094: checking whether to enable maintainer-specific portions of Makefiles
configure:3103: result: no
configure:3129: checking for style of include used by make
configure:3157: result: GNU
configure:3228: checking for gcc
configure:3244: found /usr/bin/gcc
configure:3255: result: gcc
configure:3484: checking for C compiler version
configure:3493: gcc --version >&5
gcc (Ubuntu/Linaro 4.6.3-1ubuntu5) 4.6.3
Copyright (C) 2011 Free Software Foundation, Inc.
This is free software; see the source for copying conditions.  There is NO
warranty; not even for MERCHANTABILITY or FITNESS FOR A PARTICULAR PURPOSE.

configure:3504: $? = 0
configure:3493: gcc -v >&5
Using built-in specs.
COLLECT_GCC=gcc
COLLECT_LTO_WRAPPER=/usr/lib/gcc/x86_64-linux-gnu/4.6/lto-wrapper
Target: x86_64-linux-gnu
Configured with: ../src/configure -v --with-pkgversion='Ubuntu/Linaro 4.6.3-1ubuntu5' --with-bugurl=file:///usr/share/doc/gcc-4.6/README.Bugs --enable-languages=c,c++,fortran,objc,obj-c++ --prefix=/usr --program-suffix=-4.6 --enable-shared --enable-linker-build-id --with-system-zlib --libexecdir=/usr/lib --without-included-gettext --enable-threads=posix --with-gxx-include-dir=/usr/include/c++/4.6 --libdir=/usr/lib --enable-nls --with-sysroot=/ --enable-clocale=gnu --enable-libstdcxx-debug --enable-libstdcxx-time=yes --enable-gnu-unique-object --enable-plugin --enable-objc-gc --disable-werror --with-arch-32=i686 --with-tune=generic --enable-checking=release --build=x86_64-linux-gnu --host=x86_64-linux-gnu --target=x86_64-linux-gnu
Thread model: posix
gcc version 4.6.3 (Ubuntu/Linaro 4.6.3-1ubuntu5) 
configure:3504: $? = 0
configure:3493: gcc -V >&5
gcc: error: unrecognized option '-V'
gcc: fatal error: no input files
compilation terminated.
configure:3504: $? = 4
configure:3493: gcc -qversion >&5
gcc: error: unrecognized option '-qversion'
gcc: fatal error: no input files
compilation terminated.
configure:3504: $? = 4
configure:3524: checking whether the C compiler works
configure:3546: gcc    conftest.c  >&5
configure:3550: $? = 0
configure:3598: result: yes
configure:3601: checking for C compiler default output file name
configure:3603: result: a.out
configure:3609: checking for suffix of executables
configure:3616: gcc -o conftest    conftest.c  >&5
configure:3620: $? = 0
configure:3642: result: 
configure:3664: checking whether we are cross compiling
configure:3672: gcc -o conftest    conftest.c  >&5
configure:3676: $? = 0
configure:3683: ./conftest
configure:3687: $? = 0
configure:3702: result: no
configure:3707: checking for suffix of object files
configure:3729: gcc -c   conftest.c >&5
configure:3733: $? = 0
configure:3754: result: o
configure:3758: checking whether we are using the GNU C compiler
configure:3777: gcc -c   conftest.c >&5
configure:3777: $? = 0
configure:3786: result: yes
configure:3795: checking whether gcc accepts -g
configure:3815: gcc -c -g  conftest.c >&5
configure:3815: $? = 0
configure:3856: result: yes
configure:3873: checking for gcc option to accept ISO C89
configure:3936: gcc  -c -g -O2  conftest.c >&5
configure:3936: $? = 0
configure:3949: result: none needed
configure:3974: checking whether gcc understands -c and -o together
configure:3996: gcc -c conftest.c -o conftest2.o
configure:3999: $? = 0
configure:3996: gcc -c conftest.c -o conftest2.o
configure:3999: $? = 0
configure:4011: result: yes
configure:4030: checking dependency style of gcc
configure:4141: result: gcc3
configure:4157: checking for library containing strerror
configure:4188: gcc -o conftest -g -O2   conftest.c  >&5
configure:4188: $? = 0
configure:4205: result: none required
configure:4261: checking for gcc
configure:4288: result: gcc
configure:4517: checking for C compiler version
configure:4526: gcc --version >&5
gcc (Ubuntu/Linaro 4.6.3-1ubuntu5) 4.6.3
Copyright (C) 2011 Free Software Foundation, Inc.
This is free software; see the source for copying conditions.  There is NO
warranty; not even for MERCHANTABILITY or FITNESS FOR A PARTICULAR PURPOSE.

configure:4537: $? = 0
configure:4526: gcc -v >&5
Using built-in specs.
COLLECT_GCC=gcc
COLLECT_LTO_WRAPPER=/usr/lib/gcc/x86_64-linux-gnu/4.6/lto-wrapper
Target: x86_64-linux-gnu
Configured with: ../src/configure -v --with-pkgversion='Ubuntu/Linaro 4.6.3-1ubuntu5' --with-bugurl=file:///usr/share/doc/gcc-4.6/README.Bugs --enable-languages=c,c++,fortran,objc,obj-c++ --prefix=/usr --program-suffix=-4.6 --enable-shared --enable-linker-build-id --with-system-zlib --libexecdir=/usr/lib --without-included-gettext --enable-threads=posix --with-gxx-include-dir=/usr/include/c++/4.6 --libdir=/usr/lib --enable-nls --with-sysroot=/ --enable-clocale=gnu --enable-libstdcxx-debug --enable-libstdcxx-time=yes --enable-gnu-unique-object --enable-plugin --enable-objc-gc --disable-werror --with-arch-32=i686 --with-tune=generic --enable-checking=release --build=x86_64-linux-gnu --host=x86_64-linux-gnu --target=x86_64-linux-gnu
Thread model: posix
gcc version 4.6.3 (Ubuntu/Linaro 4.6.3-1ubuntu5) 
configure:4537: $? = 0
configure:4526: gcc -V >&5
gcc: error: unrecognized option '-V'
gcc: fatal error: no input files
compilation terminated.
configure:4537: $? = 4
configure:4526: gcc -qversion >&5
gcc: error: unrecognized option '-qversion'
gcc: fatal error: no input files
compilation terminated.
configure:4537: $? = 4
configure:4541: checking whether we are using the GNU C compiler
configure:4569: result: yes
configure:4578: checking whether gcc accepts -g
configure:4639: result: yes
configure:4656: checking for gcc option to accept ISO C89
configure:4732: result: none needed
configure:4757: checking whether gcc understands -c and -o together
configure:4794: result: yes
configure:4813: checking dependency style of gcc
configure:4924: result: gcc3
configure:4944: checking how to run the C preprocessor
configure:4975: gcc -E  conftest.c
configure:4975: $? = 0
configure:4989: gcc -E  conftest.c
conftest.c:9:28: fatal error: ac_nonexistent.h: No such file or directory
compilation terminated.
configure:4989: $? = 1
configure: failed program was:
| /* confdefs.h */
| #define PACKAGE_NAME "irssi"
| #define PACKAGE_TARNAME "irssi"
| #define PACKAGE_VERSION "0.8.16"
| #define PACKAGE_STRING "irssi 0.8.16"
| #define PACKAGE_BUGREPORT ""
| #define PACKAGE_URL ""
| /* end confdefs.h.  */
| #include <ac_nonexistent.h>
configure:5014: result: gcc -E
configure:5034: gcc -E  conftest.c
configure:5034: $? = 0
configure:5048: gcc -E  conftest.c
conftest.c:9:28: fatal error: ac_nonexistent.h: No such file or directory
compilation terminated.
configure:5048: $? = 1
configure: failed program was:
| /* confdefs.h */
| #define PACKAGE_NAME "irssi"
| #define PACKAGE_TARNAME "irssi"
| #define PACKAGE_VERSION "0.8.16"
| #define PACKAGE_STRING "irssi 0.8.16"
| #define PACKAGE_BUGREPORT ""
| #define PACKAGE_URL ""
| /* end confdefs.h.  */
| #include <ac_nonexistent.h>
configure:5105: checking build system type
configure:5119: result: x86_64-unknown-linux-gnu
configure:5139: checking host system type
configure:5152: result: x86_64-unknown-linux-gnu
configure:5193: checking how to print strings
configure:5220: result: printf
configure:5241: checking for a sed that does not truncate output
configure:5305: result: /bin/sed
configure:5323: checking for grep that handles long lines and -e
configure:5381: result: /bin/grep
configure:5386: checking for egrep
configure:5448: result: /bin/grep -E
configure:5453: checking for fgrep
configure:5515: result: /bin/grep -F
configure:5550: checking for ld used by gcc
configure:5617: result: /usr/bin/ld
configure:5624: checking if the linker (/usr/bin/ld) is GNU ld
configure:5639: result: yes
configure:5651: checking for BSD- or MS-compatible name lister (nm)
configure:5700: result: /usr/bin/nm -B
configure:5830: checking the name lister (/usr/bin/nm -B) interface
configure:5837: gcc -c -g -O2  conftest.c >&5
configure:5840: /usr/bin/nm -B "conftest.o"
configure:5843: output
0000000000000000 B some_variable
configure:5850: result: BSD nm
configure:5853: checking whether ln -s works
configure:5857: result: yes
configure:5865: checking the maximum length of command line arguments
configure:5995: result: 1572864
configure:6012: checking whether the shell understands some XSI constructs
configure:6022: result: yes
configure:6026: checking whether the shell understands "+="
configure:6032: result: yes
configure:6067: checking how to convert x86_64-unknown-linux-gnu file names to x86_64-unknown-linux-gnu format
configure:6107: result: func_convert_file_noop
configure:6114: checking how to convert x86_64-unknown-linux-gnu file names to toolchain format
configure:6134: result: func_convert_file_noop
configure:6141: checking for /usr/bin/ld option to reload object files
configure:6148: result: -r
configure:6222: checking for objdump
configure:6238: found /usr/bin/objdump
configure:6249: result: objdump
configure:6281: checking how to recognize dependent libraries
configure:6483: result: pass_all
configure:6568: checking for dlltool
configure:6598: result: no
configure:6628: checking how to associate runtime and link libraries
configure:6655: result: printf %s\n
configure:6715: checking for ar
configure:6731: found /usr/bin/ar
configure:6742: result: ar
configure:6779: checking for archiver @FILE support
configure:6796: gcc -c -g -O2  conftest.c >&5
configure:6796: $? = 0
configure:6799: ar cru libconftest.a @conftest.lst >&5
configure:6802: $? = 0
configure:6807: ar cru libconftest.a @conftest.lst >&5
ar: conftest.o: No such file or directory
configure:6810: $? = 1
configure:6822: result: @
configure:6880: checking for strip
configure:6896: found /usr/bin/strip
configure:6907: result: strip
configure:6979: checking for ranlib
configure:6995: found /usr/bin/ranlib
configure:7006: result: ranlib
configure:7108: checking command to parse /usr/bin/nm -B output from gcc object
configure:7228: gcc -c -g -O2  conftest.c >&5
configure:7231: $? = 0
configure:7235: /usr/bin/nm -B conftest.o \| sed -n -e 's/^.*[ ]\([ABCDGIRSTW][ABCDGIRSTW]*\)[ ][ ]*\([_A-Za-z][_A-Za-z0-9]*\)$/\1 \2 \2/p' | sed '/ __gnu_lto/d' \> conftest.nm
configure:7238: $? = 0
configure:7304: gcc -o conftest -g -O2   conftest.c conftstm.o >&5
configure:7307: $? = 0
configure:7345: result: ok
configure:7382: checking for sysroot
configure:7412: result: no
configure:7489: gcc -c -g -O2  conftest.c >&5
configure:7492: $? = 0
configure:7668: checking for mt
configure:7684: found /bin/mt
configure:7695: result: mt
configure:7718: checking if mt is a manifest tool
configure:7724: mt '-?'
configure:7732: result: no
configure:8370: checking for ANSI C header files
configure:8390: gcc -c -g -O2  conftest.c >&5
configure:8390: $? = 0
configure:8463: gcc -o conftest -g -O2   conftest.c  >&5
configure:8463: $? = 0
configure:8463: ./conftest
configure:8463: $? = 0
configure:8474: result: yes
configure:8487: checking for sys/types.h
configure:8487: gcc -c -g -O2  conftest.c >&5
configure:8487: $? = 0
configure:8487: result: yes
configure:8487: checking for sys/stat.h
configure:8487: gcc -c -g -O2  conftest.c >&5
configure:8487: $? = 0
configure:8487: result: yes
configure:8487: checking for stdlib.h
configure:8487: gcc -c -g -O2  conftest.c >&5
configure:8487: $? = 0
configure:8487: result: yes
configure:8487: checking for string.h
configure:8487: gcc -c -g -O2  conftest.c >&5
configure:8487: $? = 0
configure:8487: result: yes
configure:8487: checking for memory.h
configure:8487: gcc -c -g -O2  conftest.c >&5
configure:8487: $? = 0
configure:8487: result: yes
configure:8487: checking for strings.h
configure:8487: gcc -c -g -O2  conftest.c >&5
configure:8487: $? = 0
configure:8487: result: yes
configure:8487: checking for inttypes.h
configure:8487: gcc -c -g -O2  conftest.c >&5
configure:8487: $? = 0
configure:8487: result: yes
configure:8487: checking for stdint.h
configure:8487: gcc -c -g -O2  conftest.c >&5
configure:8487: $? = 0
configure:8487: result: yes
configure:8487: checking for unistd.h
configure:8487: gcc -c -g -O2  conftest.c >&5
configure:8487: $? = 0
configure:8487: result: yes
configure:8501: checking for dlfcn.h
configure:8501: gcc -c -g -O2  conftest.c >&5
configure:8501: $? = 0
configure:8501: result: yes
configure:8707: checking for objdir
configure:8722: result: .libs
configure:8993: checking if gcc supports -fno-rtti -fno-exceptions
configure:9011: gcc -c -g -O2  -fno-rtti -fno-exceptions conftest.c >&5
cc1: warning: command line option '-fno-rtti' is valid for C++/ObjC++ but not for C [enabled by default]
configure:9015: $? = 0
configure:9028: result: no
configure:9355: checking for gcc option to produce PIC
configure:9362: result: -fPIC -DPIC
configure:9370: checking if gcc PIC flag -fPIC -DPIC works
configure:9388: gcc -c -g -O2  -fPIC -DPIC -DPIC conftest.c >&5
configure:9392: $? = 0
configure:9405: result: yes
configure:9434: checking if gcc static flag -static works
configure:9462: result: yes
configure:9477: checking if gcc supports -c -o file.o
configure:9498: gcc -c -g -O2  -o out/conftest2.o conftest.c >&5
configure:9502: $? = 0
configure:9524: result: yes
configure:9532: checking if gcc supports -c -o file.o
configure:9579: result: yes
configure:9612: checking whether the gcc linker (/usr/bin/ld -m elf_x86_64) supports shared libraries
configure:10765: result: yes
configure:10802: checking whether -lc should be explicitly linked in
configure:10810: gcc -c -g -O2  conftest.c >&5
configure:10813: $? = 0
configure:10828: gcc -shared  -fPIC -DPIC conftest.o  -v -Wl,-soname -Wl,conftest -o conftest 2\>\&1 \| /bin/grep  -lc  \>/dev/null 2\>\&1
configure:10831: $? = 0
configure:10845: result: no
configure:11005: checking dynamic linker characteristics
configure:11516: gcc -o conftest -g -O2   -Wl,-rpath -Wl,/foo conftest.c  >&5
configure:11516: $? = 0
configure:11738: result: GNU/Linux ld.so
configure:11845: checking how to hardcode library paths into programs
configure:11870: result: immediate
configure:12410: checking whether stripping libraries is possible
configure:12415: result: yes
configure:12450: checking if libtool supports shared libraries
configure:12452: result: yes
configure:12455: checking whether to build shared libraries
configure:12476: result: yes
configure:12479: checking whether to build static libraries
configure:12483: result: yes
configure:12523: checking for sed
configure:12541: found /bin/sed
configure:12553: result: /bin/sed
configure:12563: checking for perl
configure:12581: found /usr/bin/perl
configure:12593: result: /usr/bin/perl
configure:12605: checking for unistd.h
configure:12605: result: yes
configure:12605: checking dirent.h usability
configure:12605: gcc -c -g -O2  conftest.c >&5
configure:12605: $? = 0
configure:12605: result: yes
configure:12605: checking dirent.h presence
configure:12605: gcc -E  conftest.c
configure:12605: $? = 0
configure:12605: result: yes
configure:12605: checking for dirent.h
configure:12605: result: yes
configure:12605: checking sys/ioctl.h usability
configure:12605: gcc -c -g -O2  conftest.c >&5
configure:12605: $? = 0
configure:12605: result: yes
configure:12605: checking sys/ioctl.h presence
configure:12605: gcc -E  conftest.c
configure:12605: $? = 0
configure:12605: result: yes
configure:12605: checking for sys/ioctl.h
configure:12605: result: yes
configure:12605: checking sys/resource.h usability
configure:12605: gcc -c -g -O2  conftest.c >&5
configure:12605: $? = 0
configure:12605: result: yes
configure:12605: checking sys/resource.h presence
configure:12605: gcc -E  conftest.c
configure:12605: $? = 0
configure:12605: result: yes
configure:12605: checking for sys/resource.h
configure:12605: result: yes
configure:12620: checking sys/time.h usability
configure:12620: gcc -c -g -O2  conftest.c >&5
configure:12620: $? = 0
configure:12620: result: yes
configure:12620: checking sys/time.h presence
configure:12620: gcc -E  conftest.c
configure:12620: $? = 0
configure:12620: result: yes
configure:12620: checking for sys/time.h
configure:12620: result: yes
configure:12620: checking sys/utsname.h usability
configure:12620: gcc -c -g -O2  conftest.c >&5
configure:12620: $? = 0
configure:12620: result: yes
configure:12620: checking sys/utsname.h presence
configure:12620: gcc -E  conftest.c
configure:12620: $? = 0
configure:12620: result: yes
configure:12620: checking for sys/utsname.h
configure:12620: result: yes
configure:12620: checking regex.h usability
configure:12620: gcc -c -g -O2  conftest.c >&5
configure:12620: $? = 0
configure:12620: result: yes
configure:12620: checking regex.h presence
configure:12620: gcc -E  conftest.c
configure:12620: $? = 0
configure:12620: result: yes
configure:12620: checking for regex.h
configure:12620: result: yes
configure:12638: checking for special C compiler options needed for large files
configure:12683: result: no
configure:12689: checking for _FILE_OFFSET_BITS value needed for large files
configure:12714: gcc -c -g -O2  conftest.c >&5
configure:12714: $? = 0
configure:12746: result: no
configure:13034: checking for socket
configure:13034: gcc -o conftest -g -O2   conftest.c  >&5
configure:13034: $? = 0
configure:13034: result: yes
configure:13085: checking for inet_addr
configure:13085: gcc -o conftest -g -O2   conftest.c  >&5
configure:13085: $? = 0
configure:13085: result: yes
configure:13140: checking for socklen_t
configure:13158: gcc -c -g -O2 -Wall  conftest.c >&5
conftest.c: In function 'main':
conftest.c:34:11: warning: unused variable 't' [-Wunused-variable]
configure:13158: $? = 0
configure:13171: result: yes
configure:13178: checking size of int
configure:13183: gcc -o conftest -g -O2 -Wall   conftest.c  >&5
configure:13183: $? = 0
configure:13183: ./conftest
configure:13183: $? = 0
configure:13197: result: 4
configure:13211: checking size of long
configure:13216: gcc -o conftest -g -O2 -Wall   conftest.c  >&5
configure:13216: $? = 0
configure:13216: ./conftest
configure:13216: $? = 0
configure:13230: result: 8
configure:13244: checking size of long long
configure:13249: gcc -o conftest -g -O2 -Wall   conftest.c  >&5
configure:13249: $? = 0
configure:13249: ./conftest
configure:13249: $? = 0
configure:13263: result: 8
configure:13277: checking size of off_t
configure:13282: gcc -o conftest -g -O2 -Wall   conftest.c  >&5
configure:13282: $? = 0
configure:13282: ./conftest
configure:13282: $? = 0
configure:13296: result: 8
configure:13497: checking for pkg-config
configure:13515: found /usr/bin/pkg-config
configure:13527: result: /usr/bin/pkg-config
configure:13552: checking pkg-config is at least version 0.7
configure:13555: result: yes
configure:13572: checking for GLIB - version >= 2.6.0
configure:13686: gcc -o conftest -g -O2 -Wall -pthread -I/usr/include/glib-2.0 -I/usr/lib/x86_64-linux-gnu/glib-2.0/include     conftest.c -Wl,--export-dynamic -pthread -lgmodule-2.0 -lrt -lglib-2.0    >&5
conftest.c: In function 'main':
conftest.c:45:10: warning: ignoring return value of 'system', declared with attribute warn_unused_result [-Wunused-result]
configure:13686: $? = 0
configure:13686: ./conftest
configure:13686: $? = 0
configure:13700: result: yes (version 2.32.4)
configure:13793: checking for SSL
configure:13800: $PKG_CONFIG --exists --print-errors "openssl"
configure:13803: $? = 0
configure:13817: $PKG_CONFIG --exists --print-errors "openssl"
configure:13820: $? = 0
configure:13858: result: yes
configure:14229: checking "location of ncurses.h file"...
configure:14237: result: Found ncurses on /usr/include/ncurses.h
configure:14241: checking for initscr in -lncurses
configure:14266: gcc -o conftest -g -O2 -Wall     conftest.c -lncurses -lncurses  -Wl,--export-dynamic -pthread -lgmodule-2.0 -lrt -lglib-2.0   -lssl -lcrypto   >&5
configure:14266: $? = 0
configure:14275: result: yes
configure:15011: checking for setupterm
configure:15011: gcc -o conftest -g -O2 -Wall     conftest.c  -Wl,--export-dynamic -pthread -lgmodule-2.0 -lrt -lglib-2.0   -lssl -lcrypto   -lncurses >&5
configure:15011: $? = 0
configure:15011: result: yes
configure:15177: checking for working Perl support
configure:15234: result: ok
configure:15414: checking for IPv6
configure:15435: gcc -c -g -O2 -Wall    conftest.c >&5
conftest.c: In function 'main':
conftest.c:49:17: warning: unused variable 'i' [-Wunused-variable]
configure:15435: $? = 0
configure:15445: result: yes
configure:15619: checking that generated files are newer than configure
configure:15625: result: done
configure:15680: creating ./config.status

## ---------------------- ##
## Running config.status. ##
## ---------------------- ##

This file was extended by irssi config.status 0.8.16, which was
generated by GNU Autoconf 2.69.  Invocation command line was

  CONFIG_FILES    = 
  CONFIG_HEADERS  = 
  CONFIG_LINKS    = 
  CONFIG_COMMANDS = 
  $ ./config.status 

on xia-ubuntu

config.status:1177: creating Makefile
config.status:1177: creating src/Makefile
config.status:1177: creating src/core/Makefile
config.status:1177: creating src/irc/Makefile
config.status:1177: creating src/irc/core/Makefile
config.status:1177: creating src/irc/dcc/Makefile
config.status:1177: creating src/irc/notifylist/Makefile
config.status:1177: creating src/irc/proxy/Makefile
config.status:1177: creating src/irc/flood/Makefile
config.status:1177: creating src/fe-common/Makefile
config.status:1177: creating src/fe-common/core/Makefile
config.status:1177: creating src/fe-common/irc/Makefile
config.status:1177: creating src/fe-common/irc/dcc/Makefile
config.status:1177: creating src/fe-common/irc/notifylist/Makefile
config.status:1177: creating src/fe-none/Makefile
config.status:1177: creating src/fe-text/Makefile
config.status:1177: creating src/lib-config/Makefile
config.status:1177: creating src/perl/Makefile
config.status:1177: creating src/perl/common/Makefile.PL
config.status:1177: creating src/perl/irc/Makefile.PL
config.status:1177: creating src/perl/ui/Makefile.PL
config.status:1177: creating src/perl/textui/Makefile.PL
config.status:1177: creating scripts/Makefile
config.status:1177: creating scripts/examples/Makefile
config.status:1177: creating docs/Makefile
config.status:1177: creating docs/help/Makefile
config.status:1177: creating docs/help/in/Makefile
config.status:1177: creating irssi-config
config.status:1177: creating irssi-config.h
config.status:1358: irssi-config.h is unchanged
config.status:1406: executing depfiles commands
config.status:1406: executing libtool commands

## ---------------- ##
## Cache variables. ##
## ---------------- ##

ac_cv_build=x86_64-unknown-linux-gnu
ac_cv_c_compiler_gnu=yes
ac_cv_env_CC_set=
ac_cv_env_CC_value=
ac_cv_env_CFLAGS_set=
ac_cv_env_CFLAGS_value=
ac_cv_env_CPPFLAGS_set=
ac_cv_env_CPPFLAGS_value=
ac_cv_env_CPP_set=
ac_cv_env_CPP_value=
ac_cv_env_LDFLAGS_set=
ac_cv_env_LDFLAGS_value=
ac_cv_env_LIBS_set=
ac_cv_env_LIBS_value=
ac_cv_env_PKG_CONFIG_LIBDIR_set=
ac_cv_env_PKG_CONFIG_LIBDIR_value=
ac_cv_env_PKG_CONFIG_PATH_set=
ac_cv_env_PKG_CONFIG_PATH_value=
ac_cv_env_PKG_CONFIG_set=
ac_cv_env_PKG_CONFIG_value=
ac_cv_env_SSL_CFLAGS_set=
ac_cv_env_SSL_CFLAGS_value=
ac_cv_env_SSL_LIBS_set=
ac_cv_env_SSL_LIBS_value=
ac_cv_env_build_alias_set=
ac_cv_env_build_alias_value=
ac_cv_env_host_alias_set=
ac_cv_env_host_alias_value=
ac_cv_env_target_alias_set=
ac_cv_env_target_alias_value=
ac_cv_func_inet_addr=yes
ac_cv_func_setupterm=yes
ac_cv_func_socket=yes
ac_cv_header_dirent_h=yes
ac_cv_header_dlfcn_h=yes
ac_cv_header_inttypes_h=yes
ac_cv_header_memory_h=yes
ac_cv_header_regex_h=yes
ac_cv_header_stdc=yes
ac_cv_header_stdint_h=yes
ac_cv_header_stdlib_h=yes
ac_cv_header_string_h=yes
ac_cv_header_strings_h=yes
ac_cv_header_sys_ioctl_h=yes
ac_cv_header_sys_resource_h=yes
ac_cv_header_sys_stat_h=yes
ac_cv_header_sys_time_h=yes
ac_cv_header_sys_types_h=yes
ac_cv_header_sys_utsname_h=yes
ac_cv_header_unistd_h=yes
ac_cv_host=x86_64-unknown-linux-gnu
ac_cv_lib_ncurses_initscr=yes
ac_cv_objext=o
ac_cv_path_EGREP='/bin/grep -E'
ac_cv_path_FGREP='/bin/grep -F'
ac_cv_path_GREP=/bin/grep
ac_cv_path_SED=/bin/sed
ac_cv_path_ac_pt_PKG_CONFIG=/usr/bin/pkg-config
ac_cv_path_install='/usr/bin/install -c'
ac_cv_path_mkdir=/bin/mkdir
ac_cv_path_perlpath=/usr/bin/perl
ac_cv_path_sedpath=/bin/sed
ac_cv_prog_AWK=mawk
ac_cv_prog_CPP='gcc -E'
ac_cv_prog_ac_ct_AR=ar
ac_cv_prog_ac_ct_CC=gcc
ac_cv_prog_ac_ct_MANIFEST_TOOL=mt
ac_cv_prog_ac_ct_OBJDUMP=objdump
ac_cv_prog_ac_ct_RANLIB=ranlib
ac_cv_prog_ac_ct_STRIP=strip
ac_cv_prog_cc_c89=
ac_cv_prog_cc_g=yes
ac_cv_prog_make_make_set=yes
ac_cv_search_strerror='none required'
ac_cv_sizeof_int=4
ac_cv_sizeof_long=8
ac_cv_sizeof_long_long=8
ac_cv_sizeof_off_t=8
ac_cv_sys_file_offset_bits=no
ac_cv_sys_largefile_CC=no
am_cv_CC_dependencies_compiler_type=gcc3
am_cv_make_support_nested_variables=yes
am_cv_prog_cc_c_o=yes
irssi_cv_type_socklen_t=yes
lt_cv_ar_at_file=@
lt_cv_archive_cmds_need_lc=no
lt_cv_deplibs_check_method=pass_all
lt_cv_file_magic_cmd='$MAGIC_CMD'
lt_cv_file_magic_test_file=
lt_cv_ld_reload_flag=-r
lt_cv_nm_interface='BSD nm'
lt_cv_objdir=.libs
lt_cv_path_LD=/usr/bin/ld
lt_cv_path_NM='/usr/bin/nm -B'
lt_cv_path_mainfest_tool=no
lt_cv_prog_compiler_c_o=yes
lt_cv_prog_compiler_pic='-fPIC -DPIC'
lt_cv_prog_compiler_pic_works=yes
lt_cv_prog_compiler_rtti_exceptions=no
lt_cv_prog_compiler_static_works=yes
lt_cv_prog_gnu_ld=yes
lt_cv_sharedlib_from_linklib_cmd='printf %s\n'
lt_cv_shlibpath_overrides_runpath=no
lt_cv_sys_global_symbol_pipe='sed -n -e '\''s/^.*[	 ]\([ABCDGIRSTW][ABCDGIRSTW]*\)[	 ][	 ]*\([_A-Za-z][_A-Za-z0-9]*\)$/\1 \2 \2/p'\'' | sed '\''/ __gnu_lto/d'\'''
lt_cv_sys_global_symbol_to_c_name_address='sed -n -e '\''s/^: \([^ ]*\)[ ]*$/  {\"\1\", (void *) 0},/p'\'' -e '\''s/^[ABCDGIRSTW]* \([^ ]*\) \([^ ]*\)$/  {"\2", (void *) \&\2},/p'\'''
lt_cv_sys_global_symbol_to_c_name_address_lib_prefix='sed -n -e '\''s/^: \([^ ]*\)[ ]*$/  {\"\1\", (void *) 0},/p'\'' -e '\''s/^[ABCDGIRSTW]* \([^ ]*\) \(lib[^ ]*\)$/  {"\2", (void *) \&\2},/p'\'' -e '\''s/^[ABCDGIRSTW]* \([^ ]*\) \([^ ]*\)$/  {"lib\2", (void *) \&\2},/p'\'''
lt_cv_sys_global_symbol_to_cdecl='sed -n -e '\''s/^T .* \(.*\)$/extern int \1();/p'\'' -e '\''s/^[ABCDGIRSTW]* .* \(.*\)$/extern char \1;/p'\'''
lt_cv_sys_max_cmd_len=1572864
lt_cv_to_host_file_cmd=func_convert_file_noop
lt_cv_to_tool_file_cmd=func_convert_file_noop
pkg_cv_SSL_CFLAGS=' '
pkg_cv_SSL_LIBS='-lssl -lcrypto  '

## ----------------- ##
## Output variables. ##
## ----------------- ##

ACLOCAL='${SHELL} /home/xia-user/session/session-management/irssi-0.8.16/build-aux/missing aclocal-1.14'
AMDEPBACKSLASH='\'
AMDEP_FALSE='#'
AMDEP_TRUE=''
AMTAR='$${TAR-tar}'
AM_BACKSLASH='\'
AM_DEFAULT_V='$(AM_DEFAULT_VERBOSITY)'
AM_DEFAULT_VERBOSITY='1'
AM_V='$(V)'
AR='ar'
AUTOCONF='${SHELL} /home/xia-user/session/session-management/irssi-0.8.16/build-aux/missing autoconf'
AUTOHEADER='${SHELL} /home/xia-user/session/session-management/irssi-0.8.16/build-aux/missing autoheader'
AUTOMAKE='${SHELL} /home/xia-user/session/session-management/irssi-0.8.16/build-aux/missing automake-1.14'
AWK='mawk'
BUILD_IRSSIBOT_FALSE=''
BUILD_IRSSIBOT_TRUE='#'
BUILD_IRSSIPROXY_FALSE=''
BUILD_IRSSIPROXY_TRUE='#'
BUILD_TEXTUI_FALSE='#'
BUILD_TEXTUI_TRUE=''
CC='gcc'
CCDEPMODE='depmode=gcc3'
CFLAGS='-g -O2 -Wall  '
CHAT_MODULES='irc'
COMMON_LIBS='../fe-common/irc/libfe_common_irc.a ../fe-common/irc/dcc/libfe_irc_dcc.a ../fe-common/irc/notifylist/libfe_irc_notifylist.a ../fe-common/core/libfe_common_core.a  ../irc/libirc.a ../irc/core/libirc_core.a ../irc/dcc/libirc_dcc.a ../irc/flood/libirc_flood.a ../irc/notifylist/libirc_notifylist.a ../core/libcore.a ../lib-config/libirssi_config.a'
COMMON_NOUI_LIBS=' ../irc/libirc.a ../irc/core/libirc_core.a ../irc/dcc/libirc_dcc.a ../irc/flood/libirc_flood.a ../irc/notifylist/libirc_notifylist.a ../core/libcore.a ../lib-config/libirssi_config.a'
CPP='gcc -E'
CPPFLAGS=''
CURSES_INCLUDEDIR=''
CURSES_LIBS='-lncurses'
CYGPATH_W='echo'
DEFS='-DHAVE_CONFIG_H'
DEPDIR='.deps'
DLLTOOL='false'
DSYMUTIL=''
DUMPBIN=''
ECHO_C=''
ECHO_N='-n'
ECHO_T=''
EGREP='/bin/grep -E'
EXEEXT=''
FGREP='/bin/grep -F'
GLIB_CFLAGS='-pthread -I/usr/include/glib-2.0 -I/usr/lib/x86_64-linux-gnu/glib-2.0/include  '
GLIB_GENMARSHAL='glib-genmarshal'
GLIB_LIBS='-Wl,--export-dynamic -pthread -lgmodule-2.0 -lrt -lglib-2.0  '
GLIB_MKENUMS='glib-mkenums'
GOBJECT_QUERY='gobject-query'
GREP='/bin/grep'
HAVE_PERL_FALSE='#'
HAVE_PERL_TRUE=''
INSTALL_DATA='${INSTALL} -m 644'
INSTALL_PROGRAM='${INSTALL}'
INSTALL_SCRIPT='${INSTALL}'
INSTALL_STRIP_PROGRAM='$(install_sh) -c -s'
LD='/usr/bin/ld -m elf_x86_64'
LDFLAGS=''
LIBOBJS=''
LIBS=''
LIBTOOL='$(SHELL) $(top_builddir)/libtool'
LIPO=''
LN_S='ln -s'
LTLIBOBJS=''
MAINT='#'
MAINTAINER_MODE_FALSE=''
MAINTAINER_MODE_TRUE='#'
MAKEINFO='${SHELL} /home/xia-user/session/session-management/irssi-0.8.16/build-aux/missing makeinfo'
MANIFEST_TOOL=':'
MKDIR_P='/bin/mkdir -p'
NEED_TPARM_FALSE=''
NEED_TPARM_TRUE='#'
NM='/usr/bin/nm -B'
NMEDIT=''
OBJDUMP='objdump'
OBJEXT='o'
OTOOL64=''
OTOOL=''
PACKAGE='irssi'
PACKAGE_BUGREPORT=''
PACKAGE_NAME='irssi'
PACKAGE_STRING='irssi 0.8.16'
PACKAGE_TARNAME='irssi'
PACKAGE_URL=''
PACKAGE_VERSION='0.8.16'
PATH_SEPARATOR=':'
PERL_CFLAGS=' -D_REENTRANT -D_GNU_SOURCE -DDEBIAN -fno-strict-aliasing -pipe -fstack-protector -I/usr/local/include -D_LARGEFILE_SOURCE -D_FILE_OFFSET_BITS=64  -I/usr/lib/perl/5.14/CORE '
PERL_EXTRA_OPTS=''
PERL_FE_LINK_LIBS='../perl/libfe_perl_static.la'
PERL_LDFLAGS=''
PERL_LINK_FLAGS='-Wl,-E -fstack-protector -L/usr/local/lib -L/usr/lib/perl/5.14/CORE -lperl -ldl -lm -lpthread -lcrypt'
PERL_LINK_LIBS='../perl/libperl_core_static.la'
PERL_MM_PARAMS=''
PERL_STATIC_LIBS='0'
PERL_USE_LIB=''
PKG_CONFIG='/usr/bin/pkg-config'
PKG_CONFIG_LIBDIR=''
PKG_CONFIG_PATH=''
PROG_LIBS=' -Wl,--export-dynamic -pthread -lgmodule-2.0 -lrt -lglib-2.0   -lssl -lcrypto  '
RANLIB='ranlib'
SED='/bin/sed'
SET_MAKE=''
SHELL='/bin/bash'
SSL_CFLAGS=' '
SSL_LIBS='-lssl -lcrypto  '
STRIP='strip'
TEXTUI_LIBS='-lncurses'
USE_CURSES_FALSE=''
USE_CURSES_TRUE='#'
VERSION='0.8.16'
ac_ct_AR='ar'
ac_ct_CC='gcc'
ac_ct_DUMPBIN=''
am__EXEEXT_FALSE=''
am__EXEEXT_TRUE='#'
am__fastdepCC_FALSE='#'
am__fastdepCC_TRUE=''
am__include='include'
am__isrc=''
am__leading_dot='.'
am__nodep='_no'
am__quote=''
am__tar='$${TAR-tar} chof - "$$tardir"'
am__untar='$${TAR-tar} xf -'
bindir='${exec_prefix}/bin'
build='x86_64-unknown-linux-gnu'
build_alias=''
build_cpu='x86_64'
build_os='linux-gnu'
build_vendor='unknown'
datadir='${datarootdir}'
datarootdir='${prefix}/share'
docdir='${datarootdir}/doc/${PACKAGE_TARNAME}'
dvidir='${docdir}'
exec_prefix='${prefix}'
host='x86_64-unknown-linux-gnu'
host_alias=''
host_cpu='x86_64'
host_os='linux-gnu'
host_vendor='unknown'
htmldir='${docdir}'
includedir='${prefix}/include'
infodir='${datarootdir}/info'
install_sh='${SHELL} /home/xia-user/session/session-management/irssi-0.8.16/build-aux/install-sh'
irc_MODULES='dcc flood notifylist'
libdir='${exec_prefix}/lib'
libexecdir='${exec_prefix}/libexec'
localedir='${datarootdir}/locale'
localstatedir='${prefix}/var'
mandir='${datarootdir}/man'
mkdir_p='$(MKDIR_P)'
oldincludedir='/usr/include'
pdfdir='${docdir}'
perl_module_fe_lib=''
perl_module_lib=''
perl_static_fe_lib='libfe_perl_static.la'
perl_static_lib='libperl_core_static.la'
perlpath='/usr/bin/perl'
prefix='/usr/local'
program_transform_name='s,x,x,'
psdir='${docdir}'
sbindir='${exec_prefix}/sbin'
sedpath='/bin/sed'
sharedstatedir='${prefix}/com'
sysconfdir='${prefix}/etc'
target_alias=''

## ----------- ##
## confdefs.h. ##
## ----------- ##

/* confdefs.h */
#define PACKAGE_NAME "irssi"
#define PACKAGE_TARNAME "irssi"
#define PACKAGE_VERSION "0.8.16"
#define PACKAGE_STRING "irssi 0.8.16"
#define PACKAGE_BUGREPORT ""
#define PACKAGE_URL ""
#define STDC_HEADERS 1
#define HAVE_SYS_TYPES_H 1
#define HAVE_SYS_STAT_H 1
#define HAVE_STDLIB_H 1
#define HAVE_STRING_H 1
#define HAVE_MEMORY_H 1
#define HAVE_STRINGS_H 1
#define HAVE_INTTYPES_H 1
#define HAVE_STDINT_H 1
#define HAVE_UNISTD_H 1
#define HAVE_DLFCN_H 1
#define LT_OBJDIR ".libs/"
#define HAVE_UNISTD_H 1
#define HAVE_DIRENT_H 1
#define HAVE_SYS_IOCTL_H 1
#define HAVE_SYS_RESOURCE_H 1
#define HAVE_SYS_TIME_H 1
#define HAVE_SYS_UTSNAME_H 1
#define HAVE_REGEX_H 1
#define SIZEOF_INT 4
#define SIZEOF_LONG 8
#define SIZEOF_LONG_LONG 8
#define SIZEOF_OFF_T 8
#define PRIuUOFF_T "lu"
#define UOFF_T_LONG 1
#define HAVE_GMODULE 1
#define HAVE_OPENSSL /**/
#define HAS_CURSES 1
#define USE_NCURSES 1
#define HAVE_TERMINFO 1
#define HAVE_STATIC_PERL 1
#define HAVE_IPV6 1

configure: exit 0
